
[1m[0;36m=== Preflight ===[0m
[0;36m[INFO][0m  Foundry: forge Version: 1.5.1-stable
Commit SHA: b0a9dd9ceda36f63e2326ce530c10e6916f4b8a2
Build Timestamp: 2025-12-22T11:39:01.425730780Z (1766403541)
Build Profile: maxperf
[0;36m[INFO][0m  RPC : https://rpc.sepolia-api.lisk.com
[0;36m[INFO][0m  Log : /home/buffy/Documents/code/ps/web3bridge/week-5/deploy_20260221_170100.log

[1m[0;36m=== Discovering projects ===[0m
[0;36m[INFO][0m  Found 3 project(s):
[0;36m[INFO][0m    → day-2-assignment
[0;36m[INFO][0m    → day-3-assignment
[0;36m[INFO][0m    → day-3-classwork

[1m[0;36m=== Deploying: day-2-assignment ===[0m
[0;36m[INFO][0m  Installing dependencies...
[0;36m[INFO][0m  Building...
No files changed, compilation skipped
note[unwrapped-modifier-logic]: wrap modifier logic to reduce code size
  --> src/2bottles.sol:37:5
   |
37 | /     modifier onlyOwner() {
38 | |         require(msg.sender == owner, "Only owner can call this function");
39 | |         _;
40 | |     }
   | |_____^
   |
help: wrap modifier logic to reduce code size
   |
37 ~     modifier onlyOwner() {
38 +         _onlyOwner();
39 +         _;
40 +     }
41 + 
42 +     function _onlyOwner() internal {
43 +         require(msg.sender == owner, "Only owner can call this function");
44 +     }
   |
   = help: https://book.getfoundry.sh/reference/forge/forge-lint#unwrapped-modifier-logic

note[unwrapped-modifier-logic]: wrap modifier logic to reduce code size
  --> src/2bottles.sol:42:5
   |
42 | /     modifier nonZeroAddress(address _addr) {
43 | |         require(_addr != address(0), "Address cannot be zero");
44 | |         _;
45 | |     }
   | |_____^
   |
help: wrap modifier logic to reduce code size
   |
42 ~     modifier nonZeroAddress(address _addr) {
43 +         _nonZeroAddress(_addr);
44 +         _;
45 +     }
46 + 
47 +     function _nonZeroAddress(address _addr) internal {
48 +         require(_addr != address(0), "Address cannot be zero");
49 +     }
   |
   = help: https://book.getfoundry.sh/reference/forge/forge-lint#unwrapped-modifier-logic

note[unwrapped-modifier-logic]: wrap modifier logic to reduce code size
  --> src/2bottles.sol:47:5
   |
47 | /     modifier nonReentrant() {
48 | |         require(_status != ENTERED, "Reentrant call");
49 | |         _status = ENTERED;
50 | |         _;
51 | |         _status = NOT_ENTERED;
52 | |     }
   | |_____^
   |
help: wrap modifier logic to reduce code size
   |
47 ~     modifier nonReentrant() {
48 +         _nonReentrantBefore();
49 +         _;
50 +         _nonReentrantAfter();
51 +     }
52 + 
53 +     function _nonReentrantBefore() internal {
54 +         require(_status != ENTERED, "Reentrant call");
55 +         _status = ENTERED;
56 +     }
57 + 
58 +     function _nonReentrantAfter() internal {
59 +         _status = NOT_ENTERED;
60 +     }
   |
   = help: https://book.getfoundry.sh/reference/forge/forge-lint#unwrapped-modifier-logic

note[unused-import]: unused imports should be removed
 --> test/2bottles.t.sol:4:15
  |
4 | import {Test, console} from "forge-std/Test.sol";
  |               ^^^^^^^
  |
  = help: https://book.getfoundry.sh/reference/forge/forge-lint#unused-import

warning[erc20-unchecked-transfer]: ERC20 'transfer' and 'transferFrom' calls should check the return value
  --> test/2bottles.t.sol:96:9
   |
96 |         twoBottles.transfer(alice, amount);
   |         ^^^^^^^^^^^^^^^^^^^^^^^^^^^^^^^^^^
   |
   = help: https://book.getfoundry.sh/reference/forge/forge-lint#erc20-unchecked-transfer

warning[erc20-unchecked-transfer]: ERC20 'transfer' and 'transferFrom' calls should check the return value
   --> test/2bottles.t.sol:107:9
    |
107 |         twoBottles.transfer(alice, amount);
    |         ^^^^^^^^^^^^^^^^^^^^^^^^^^^^^^^^^^
    |
    = help: https://book.getfoundry.sh/reference/forge/forge-lint#erc20-unchecked-transfer

warning[erc20-unchecked-transfer]: ERC20 'transfer' and 'transferFrom' calls should check the return value
   --> test/2bottles.t.sol:117:9
    |
117 |         twoBottles.transfer(address(0), amount);
    |         ^^^^^^^^^^^^^^^^^^^^^^^^^^^^^^^^^^^^^^^
    |
    = help: https://book.getfoundry.sh/reference/forge/forge-lint#erc20-unchecked-transfer

warning[erc20-unchecked-transfer]: ERC20 'transfer' and 'transferFrom' calls should check the return value
   --> test/2bottles.t.sol:124:9
    |
124 |         twoBottles.transfer(bob, amount);
    |         ^^^^^^^^^^^^^^^^^^^^^^^^^^^^^^^^
    |
    = help: https://book.getfoundry.sh/reference/forge/forge-lint#erc20-unchecked-transfer

warning[erc20-unchecked-transfer]: ERC20 'transfer' and 'transferFrom' calls should check the return value
   --> test/2bottles.t.sol:133:9
    |
133 |         twoBottles.transfer(owner, amount);
    |         ^^^^^^^^^^^^^^^^^^^^^^^^^^^^^^^^^^
    |
    = help: https://book.getfoundry.sh/reference/forge/forge-lint#erc20-unchecked-transfer

warning[erc20-unchecked-transfer]: ERC20 'transfer' and 'transferFrom' calls should check the return value
   --> test/2bottles.t.sol:142:9
    |
142 |         twoBottles.transfer(alice, 0);
    |         ^^^^^^^^^^^^^^^^^^^^^^^^^^^^^
    |
    = help: https://book.getfoundry.sh/reference/forge/forge-lint#erc20-unchecked-transfer

warning[erc20-unchecked-transfer]: ERC20 'transfer' and 'transferFrom' calls should check the return value
   --> test/2bottles.t.sol:152:9
    |
152 |         twoBottles.transfer(alice, amount);
    |         ^^^^^^^^^^^^^^^^^^^^^^^^^^^^^^^^^^
    |
    = help: https://book.getfoundry.sh/reference/forge/forge-lint#erc20-unchecked-transfer

warning[erc20-unchecked-transfer]: ERC20 'transfer' and 'transferFrom' calls should check the return value
   --> test/2bottles.t.sol:158:9
    |
158 |         twoBottles.transfer(bob, aliceBalance);
    |         ^^^^^^^^^^^^^^^^^^^^^^^^^^^^^^^^^^^^^^
    |
    = help: https://book.getfoundry.sh/reference/forge/forge-lint#erc20-unchecked-transfer

warning[erc20-unchecked-transfer]: ERC20 'transfer' and 'transferFrom' calls should check the return value
   --> test/2bottles.t.sol:219:9
    |
219 |         twoBottles.transferFrom(owner, bob, amount);
    |         ^^^^^^^^^^^^^^^^^^^^^^^^^^^^^^^^^^^^^^^^^^^
    |
    = help: https://book.getfoundry.sh/reference/forge/forge-lint#erc20-unchecked-transfer

warning[erc20-unchecked-transfer]: ERC20 'transfer' and 'transferFrom' calls should check the return value
   --> test/2bottles.t.sol:233:9
    |
233 |         twoBottles.transferFrom(owner, bob, amount);
    |         ^^^^^^^^^^^^^^^^^^^^^^^^^^^^^^^^^^^^^^^^^^^
    |
    = help: https://book.getfoundry.sh/reference/forge/forge-lint#erc20-unchecked-transfer

warning[erc20-unchecked-transfer]: ERC20 'transfer' and 'transferFrom' calls should check the return value
   --> test/2bottles.t.sol:244:9
    |
244 |         twoBottles.transferFrom(owner, bob, amount);
    |         ^^^^^^^^^^^^^^^^^^^^^^^^^^^^^^^^^^^^^^^^^^^
    |
    = help: https://book.getfoundry.sh/reference/forge/forge-lint#erc20-unchecked-transfer

warning[erc20-unchecked-transfer]: ERC20 'transfer' and 'transferFrom' calls should check the return value
   --> test/2bottles.t.sol:255:9
    |
255 |         twoBottles.transferFrom(owner, address(0), amount);
    |         ^^^^^^^^^^^^^^^^^^^^^^^^^^^^^^^^^^^^^^^^^^^^^^^^^^
    |
    = help: https://book.getfoundry.sh/reference/forge/forge-lint#erc20-unchecked-transfer

warning[erc20-unchecked-transfer]: ERC20 'transfer' and 'transferFrom' calls should check the return value
   --> test/2bottles.t.sol:266:9
    |
266 |         twoBottles.transferFrom(owner, bob, transferAmount);
    |         ^^^^^^^^^^^^^^^^^^^^^^^^^^^^^^^^^^^^^^^^^^^^^^^^^^^
    |
    = help: https://book.getfoundry.sh/reference/forge/forge-lint#erc20-unchecked-transfer

warning[erc20-unchecked-transfer]: ERC20 'transfer' and 'transferFrom' calls should check the return value
   --> test/2bottles.t.sol:404:9
    |
404 |         twoBottles.transfer(alice, amount);
    |         ^^^^^^^^^^^^^^^^^^^^^^^^^^^^^^^^^^
    |
    = help: https://book.getfoundry.sh/reference/forge/forge-lint#erc20-unchecked-transfer

warning[erc20-unchecked-transfer]: ERC20 'transfer' and 'transferFrom' calls should check the return value
   --> test/2bottles.t.sol:415:9
    |
415 |         twoBottles.transfer(alice, amount);
    |         ^^^^^^^^^^^^^^^^^^^^^^^^^^^^^^^^^^
    |
    = help: https://book.getfoundry.sh/reference/forge/forge-lint#erc20-unchecked-transfer

warning[erc20-unchecked-transfer]: ERC20 'transfer' and 'transferFrom' calls should check the return value
   --> test/2bottles.t.sol:418:9
    |
418 |         twoBottles.transfer(bob, amount);
    |         ^^^^^^^^^^^^^^^^^^^^^^^^^^^^^^^^
    |
    = help: https://book.getfoundry.sh/reference/forge/forge-lint#erc20-unchecked-transfer

warning[erc20-unchecked-transfer]: ERC20 'transfer' and 'transferFrom' calls should check the return value
   --> test/2bottles.t.sol:421:9
    |
421 |         twoBottles.transfer(charlie, amount);
    |         ^^^^^^^^^^^^^^^^^^^^^^^^^^^^^^^^^^^^
    |
    = help: https://book.getfoundry.sh/reference/forge/forge-lint#erc20-unchecked-transfer

warning[erc20-unchecked-transfer]: ERC20 'transfer' and 'transferFrom' calls should check the return value
   --> test/2bottles.t.sol:437:9
    |
437 |         twoBottles.transfer(alice, amount);
    |         ^^^^^^^^^^^^^^^^^^^^^^^^^^^^^^^^^^
    |
    = help: https://book.getfoundry.sh/reference/forge/forge-lint#erc20-unchecked-transfer

warning[erc20-unchecked-transfer]: ERC20 'transfer' and 'transferFrom' calls should check the return value
   --> test/2bottles.t.sol:462:9
    |
462 |         twoBottles.transfer(alice, amount);
    |         ^^^^^^^^^^^^^^^^^^^^^^^^^^^^^^^^^^
    |
    = help: https://book.getfoundry.sh/reference/forge/forge-lint#erc20-unchecked-transfer

warning[erc20-unchecked-transfer]: ERC20 'transfer' and 'transferFrom' calls should check the return value
   --> test/2bottles.t.sol:477:9
    |
477 |         twoBottles.transfer(alice, amount);
    |         ^^^^^^^^^^^^^^^^^^^^^^^^^^^^^^^^^^
    |
    = help: https://book.getfoundry.sh/reference/forge/forge-lint#erc20-unchecked-transfer

warning[erc20-unchecked-transfer]: ERC20 'transfer' and 'transferFrom' calls should check the return value
   --> test/2bottles.t.sol:488:9
    |
488 |         twoBottles.transfer(bob, type(uint256).max);
    |         ^^^^^^^^^^^^^^^^^^^^^^^^^^^^^^^^^^^^^^^^^^^
    |
    = help: https://book.getfoundry.sh/reference/forge/forge-lint#erc20-unchecked-transfer

warning[erc20-unchecked-transfer]: ERC20 'transfer' and 'transferFrom' calls should check the return value
   --> test/2bottles.t.sol:497:9
    |
497 |         twoBottles.transfer(alice, amount);
    |         ^^^^^^^^^^^^^^^^^^^^^^^^^^^^^^^^^^
    |
    = help: https://book.getfoundry.sh/reference/forge/forge-lint#erc20-unchecked-transfer

warning[erc20-unchecked-transfer]: ERC20 'transfer' and 'transferFrom' calls should check the return value
   --> test/2bottles.t.sol:512:9
    |
512 |         twoBottles.transfer(bob, transferAmount);
    |         ^^^^^^^^^^^^^^^^^^^^^^^^^^^^^^^^^^^^^^^^
    |
    = help: https://book.getfoundry.sh/reference/forge/forge-lint#erc20-unchecked-transfer

warning[erc20-unchecked-transfer]: ERC20 'transfer' and 'transferFrom' calls should check the return value
   --> test/2bottles.t.sol:540:9
    |
540 |         twoBottles.transferFrom(owner, bob, transferAmount);
    |         ^^^^^^^^^^^^^^^^^^^^^^^^^^^^^^^^^^^^^^^^^^^^^^^^^^^
    |
    = help: https://book.getfoundry.sh/reference/forge/forge-lint#erc20-unchecked-transfer

warning[erc20-unchecked-transfer]: ERC20 'transfer' and 'transferFrom' calls should check the return value
   --> test/2bottles.t.sol:567:9
    |
567 |         twoBottles.transfer(alice, amount);
    |         ^^^^^^^^^^^^^^^^^^^^^^^^^^^^^^^^^^
    |
    = help: https://book.getfoundry.sh/reference/forge/forge-lint#erc20-unchecked-transfer

[0;36m[INFO][0m  Running script: script/2bottles.s.sol (2bottles)
Compiling 17 files with Solc 0.8.33
Solc 0.8.33 finished in 630.97ms
Compiler run successful!
Script ran successfully.

## Setting up 1 EVM.

==========================

Chain 4202

Estimated gas price: 0.000000507 gwei

Estimated total gas used for script: 1830821

Estimated amount required: 0.000000000928226247 ETH

==========================


==========================

ONCHAIN EXECUTION COMPLETE & SUCCESSFUL.
##
Start verification for (1) contracts
Start verifying contract `0xF3f045955bC343fe418AF08754c862a2A14Ec2f6` deployed on 4202
EVM version: prague
Compiler version: 0.8.33

Submitting verification for [src/2bottles.sol:TwoBottles] 0xF3f045955bC343fe418AF08754c862a2A14Ec2f6.
Warning: Could not detect deployment: Address is not a smart-contract; waiting 5 seconds before trying again (4 tries remaining)

Submitting verification for [src/2bottles.sol:TwoBottles] 0xF3f045955bC343fe418AF08754c862a2A14Ec2f6.
Submitted contract for verification:
	Response: `OK`
	GUID: `f3f045955bc343fe418af08754c862a2a14ec2f66999d6d0`
	URL: https://sepolia-blockscout.lisk.com/address/0xf3f045955bc343fe418af08754c862a2a14ec2f6
Contract verification status:
Response: `OK`
Details: `Pending in queue`
Warning: Verification is still pending...; waiting 15 seconds before trying again (7 tries remaining)
Contract verification status:
Response: `OK`
Details: `Pass - Verified`
Contract successfully verified
All (1) contracts were verified!

Transactions saved to: /home/buffy/Documents/code/ps/web3bridge/week-5/day-2-assignment/broadcast/2bottles.s.sol/4202/run-latest.json

Sensitive values saved to: /home/buffy/Documents/code/ps/web3bridge/week-5/day-2-assignment/cache/2bottles.s.sol/4202/run-latest.json

[0;32m[OK][0m    day-2-assignment / 2bottles deployed successfully.

[1m[0;36m=== Deploying: day-3-assignment ===[0m
[0;36m[INFO][0m  Installing dependencies...
[0;36m[INFO][0m  Building...
Compiling 3 files with Solc 0.8.33
Solc 0.8.33 finished in 720.46ms
Compiler run successful!
[0;36m[INFO][0m  Running script: script/SMS.s.sol (SMS)
Compiling 24 files with Solc 0.8.33
Solc 0.8.33 finished in 677.48ms
Compiler run successful!
Script ran successfully.

## Setting up 1 EVM.

==========================

Chain 4202

Estimated gas price: 0.000000507 gwei

Estimated total gas used for script: 5292331

Estimated amount required: 0.000000002683211817 ETH

==========================


==========================

ONCHAIN EXECUTION COMPLETE & SUCCESSFUL.
##
Start verification for (1) contracts
Start verifying contract `0x94d387150fA15B83293A39e7CAA5fE34C77b20F7` deployed on 4202
EVM version: prague
Compiler version: 0.8.33

Submitting verification for [src/SMS.sol:SMS] 0x94d387150fA15B83293A39e7CAA5fE34C77b20F7.
Warning: Could not detect deployment: Address is not a smart-contract; waiting 5 seconds before trying again (4 tries remaining)

Submitting verification for [src/SMS.sol:SMS] 0x94d387150fA15B83293A39e7CAA5fE34C77b20F7.
Submitted contract for verification:
	Response: `OK`
	GUID: `94d387150fa15b83293a39e7caa5fe34c77b20f76999d6f6`
	URL: https://sepolia-blockscout.lisk.com/address/0x94d387150fa15b83293a39e7caa5fe34c77b20f7
Contract verification status:
Response: `OK`
Details: `Pending in queue`
Warning: Verification is still pending...; waiting 15 seconds before trying again (7 tries remaining)
Contract verification status:
Response: `OK`
Details: `Pass - Verified`
Contract successfully verified
All (1) contracts were verified!

Transactions saved to: /home/buffy/Documents/code/ps/web3bridge/week-5/day-3-assignment/broadcast/SMS.s.sol/4202/run-latest.json

Sensitive values saved to: /home/buffy/Documents/code/ps/web3bridge/week-5/day-3-assignment/cache/SMS.s.sol/4202/run-latest.json

[0;32m[OK][0m    day-3-assignment / SMS deployed successfully.

[1m[0;36m=== Deploying: day-3-classwork ===[0m
[0;36m[INFO][0m  Installing dependencies...
[0;36m[INFO][0m  Building...
Compiling 2 files with Solc 0.8.33
Solc 0.8.33 finished in 550.19ms
Compiler run successful!
[0;36m[INFO][0m  Running script: script/SaveEther.s.sol (SaveEther)
Compiling 18 files with Solc 0.8.33
Solc 0.8.33 finished in 597.96ms
Compiler run successful!
Script ran successfully.

## Setting up 1 EVM.

==========================

Chain 4202

Estimated gas price: 0.000000507 gwei

Estimated total gas used for script: 1414305

Estimated amount required: 0.000000000717052635 ETH

==========================


==========================

ONCHAIN EXECUTION COMPLETE & SUCCESSFUL.
##
Start verification for (1) contracts
Start verifying contract `0x4e14050830eE036DCf713a1Ca074e643194b0B90` deployed on 4202
EVM version: prague
Compiler version: 0.8.33

Submitting verification for [src/SaveEther.sol:SaveEther] 0x4e14050830eE036DCf713a1Ca074e643194b0B90.
Warning: Could not detect deployment: Address is not a smart-contract; waiting 5 seconds before trying again (4 tries remaining)

Submitting verification for [src/SaveEther.sol:SaveEther] 0x4e14050830eE036DCf713a1Ca074e643194b0B90.
Submitted contract for verification:
	Response: `OK`
	GUID: `4e14050830ee036dcf713a1ca074e643194b0b906999d718`
	URL: https://sepolia-blockscout.lisk.com/address/0x4e14050830ee036dcf713a1ca074e643194b0b90
Contract verification status:
Response: `OK`
Details: `Pending in queue`
Warning: Verification is still pending...; waiting 15 seconds before trying again (7 tries remaining)
Contract verification status:
Response: `OK`
Details: `Pass - Verified`
Contract successfully verified
All (1) contracts were verified!

Transactions saved to: /home/buffy/Documents/code/ps/web3bridge/week-5/day-3-classwork/broadcast/SaveEther.s.sol/4202/run-latest.json

Sensitive values saved to: /home/buffy/Documents/code/ps/web3bridge/week-5/day-3-classwork/cache/SaveEther.s.sol/4202/run-latest.json

[0;32m[OK][0m    day-3-classwork / SaveEther deployed successfully.

[1m[0;36m=== Summary ===[0m
[0;32m[OK][0m    Passed : 3
Failed : 0
[0;36m[INFO][0m  Full log saved to: /home/buffy/Documents/code/ps/web3bridge/week-5/deploy_20260221_170100.log
